\BOOKMARK [1][-]{section.1}{\376\377\000I\000n\000t\000r\000o\000d\000u\000\347\000\343\000o}{}% 1
\BOOKMARK [1][-]{section.2}{\376\377\000P\000r\000o\000p\000o\000s\000t\000a}{}% 2
\BOOKMARK [2][-]{subsection.2.1}{\376\377\000M\000e\000t\000o\000d\000o\000l\000o\000g\000i\000a}{section.2}% 3
\BOOKMARK [2][-]{subsection.2.2}{\376\377\000H\000i\000p\000e\000r\000p\000a\000r\000\342\000m\000e\000t\000r\000o\000s}{section.2}% 4
\BOOKMARK [3][-]{subsubsection.2.2.1}{\376\377\000T\000a\000m\000a\000n\000h\000o\000\040\000d\000o\000\040\000E\000n\000d\000e\000r\000e\000\347\000o\000\040\000\050\000T\000a\000m\000a\000n\000h\000o\000\040\000d\000a\000\040\000T\000u\000p\000l\000a\000\051}{subsection.2.2}% 5
\BOOKMARK [3][-]{subsubsection.2.2.2}{\376\377\000N\000\372\000m\000e\000r\000o\000\040\000d\000e\000\040\000D\000i\000s\000c\000r\000i\000m\000i\000n\000a\000d\000o\000r\000e\000s\000\040\000\050\000O\000W\000e\000N\000\051}{subsection.2.2}% 6
\BOOKMARK [3][-]{subsubsection.2.2.3}{\376\377\000N\000\372\000m\000e\000r\000o\000\040\000d\000e\000\040\000F\000u\000n\000\347\000\365\000e\000s\000\040\000H\000a\000s\000h\000\040\000\050\000F\000H\000\051}{subsection.2.2}% 7
\BOOKMARK [3][-]{subsubsection.2.2.4}{\376\377\000N\000\372\000m\000e\000r\000o\000\040\000d\000e\000\040\000F\000i\000l\000t\000r\000o\000s\000\040\000d\000e\000\040\000B\000l\000o\000o\000m\000\040\000\050\000F\000E\000\040\000-\000\040\000F\000i\000l\000t\000e\000r\000\040\000E\000n\000t\000r\000i\000e\000s\000\051}{subsection.2.2}% 8
\BOOKMARK [3][-]{subsubsection.2.2.5}{\376\377\000F\000a\000t\000o\000r\000\040\000d\000e\000\040\000B\000l\000e\000a\000c\000h\000i\000n\000g\000\040\000\050\000b\000\051}{subsection.2.2}% 9
\BOOKMARK [2][-]{subsection.2.3}{\376\377\000E\000s\000c\000o\000l\000h\000a\000\040\000d\000o\000s\000\040\000H\000i\000p\000e\000r\000p\000a\000r\000\342\000m\000e\000t\000r\000o\000s}{section.2}% 10
\BOOKMARK [2][-]{subsection.2.4}{\376\377\000D\000a\000t\000a\000s\000e\000t\000s}{section.2}% 11
\BOOKMARK [3][-]{subsubsection.2.4.1}{\376\377\000M\000N\000I\000S\000T}{subsection.2.4}% 12
\BOOKMARK [3][-]{subsubsection.2.4.2}{\376\377\000E\000c\000o\000l\000i}{subsection.2.4}% 13
\BOOKMARK [3][-]{subsubsection.2.4.3}{\376\377\000I\000r\000i\000s}{subsection.2.4}% 14
\BOOKMARK [3][-]{subsubsection.2.4.4}{\376\377\000G\000l\000a\000s\000s}{subsection.2.4}% 15
\BOOKMARK [3][-]{subsubsection.2.4.5}{\376\377\000L\000e\000t\000t\000e\000r}{subsection.2.4}% 16
\BOOKMARK [3][-]{subsubsection.2.4.6}{\376\377\000W\000i\000n\000e}{subsection.2.4}% 17
\BOOKMARK [3][-]{subsubsection.2.4.7}{\376\377\000S\000e\000g\000m\000e\000n\000t}{subsection.2.4}% 18
\BOOKMARK [3][-]{subsubsection.2.4.8}{\376\377\000S\000h\000u\000t\000t\000l\000e}{subsection.2.4}% 19
\BOOKMARK [3][-]{subsubsection.2.4.9}{\376\377\000V\000e\000h\000i\000c\000l\000e}{subsection.2.4}% 20
\BOOKMARK [3][-]{subsubsection.2.4.10}{\376\377\000V\000o\000w\000e\000l}{subsection.2.4}% 21
\BOOKMARK [1][-]{section.3}{\376\377\000R\000e\000s\000u\000l\000t\000a\000d\000o\000s}{}% 22
\BOOKMARK [2][-]{subsection.3.1}{\376\377\000R\000e\000s\000u\000l\000t\000a\000d\000o\000s\000\040\000p\000o\000r\000\040\000d\000a\000t\000a\000s\000e\000t}{section.3}% 23
\BOOKMARK [3][-]{subsubsection.3.1.1}{\376\377\000T\000a\000b\000e\000l\000a\000s}{subsection.3.1}% 24
\BOOKMARK [2][-]{subsection.3.2}{\376\377\000G\000r\000\341\000f\000i\000c\000o\000s}{section.3}% 25
\BOOKMARK [2][-]{subsection.3.3}{\376\377\000R\000e\000s\000u\000l\000t\000a\000d\000o\000s\000\040\000a\000g\000r\000e\000g\000a\000d\000o\000s}{section.3}% 26
\BOOKMARK [1][-]{section.4}{\376\377\000C\000o\000n\000c\000l\000u\000s\000\343\000o}{}% 27
